0 info it worked if it ends with ok
1 verbose cli [ '/usr/bin/node', '/usr/bin/npm', 'install', 'node' ]
2 info using npm@3.10.10
3 info using node@v6.17.1
4 silly loadCurrentTree Starting
5 silly install loadCurrentTree
6 silly install readLocalPackageData
7 silly fetchPackageMetaData node
8 silly fetchNamedPackageData node
9 silly mapToRegistry name node
10 silly mapToRegistry using default registry
11 silly mapToRegistry registry https://registry.npmjs.org/
12 silly mapToRegistry data Result {
12 silly mapToRegistry   raw: 'node',
12 silly mapToRegistry   scope: null,
12 silly mapToRegistry   escapedName: 'node',
12 silly mapToRegistry   name: 'node',
12 silly mapToRegistry   rawSpec: '',
12 silly mapToRegistry   spec: 'latest',
12 silly mapToRegistry   type: 'tag' }
13 silly mapToRegistry uri https://registry.npmjs.org/node
14 verbose request uri https://registry.npmjs.org/node
15 verbose request no auth needed
16 info attempt registry request try #1 at 12:13:00 PM
17 verbose request id 01ffb41ed55f4c62
18 http request GET https://registry.npmjs.org/node
19 http 200 https://registry.npmjs.org/node
20 verbose headers { date: 'Tue, 02 Mar 2021 05:13:03 GMT',
20 verbose headers   'content-type': 'application/json',
20 verbose headers   'transfer-encoding': 'chunked',
20 verbose headers   connection: 'keep-alive',
20 verbose headers   'set-cookie': [ '__cfduid=d6b995c7636d0b0e62685025da5e9400b1614661982; expires=Thu, 01-Apr-21 05:13:02 GMT; path=/; domain=.npmjs.org; HttpOnly; SameSite=Lax' ],
20 verbose headers   'cf-ray': '6298222e4b594ba0-BKK',
20 verbose headers   'cache-control': 'public, max-age=300',
20 verbose headers   etag: 'W/"435ba7ba101fa4c944b327f34b06afcb"',
20 verbose headers   'last-modified': 'Mon, 01 Mar 2021 22:06:45 GMT',
20 verbose headers   vary: 'accept-encoding, accept',
20 verbose headers   'cf-cache-status': 'MISS',
20 verbose headers   'cf-request-id': '0892f3b0e800004ba0133d3000000001',
20 verbose headers   'expect-ct': 'max-age=604800, report-uri="https://report-uri.cloudflare.com/cdn-cgi/beacon/expect-ct"',
20 verbose headers   server: 'cloudflare',
20 verbose headers   'content-encoding': 'gzip' }
21 silly get cb [ 200,
21 silly get   { date: 'Tue, 02 Mar 2021 05:13:03 GMT',
21 silly get     'content-type': 'application/json',
21 silly get     'transfer-encoding': 'chunked',
21 silly get     connection: 'keep-alive',
21 silly get     'set-cookie': [ '__cfduid=d6b995c7636d0b0e62685025da5e9400b1614661982; expires=Thu, 01-Apr-21 05:13:02 GMT; path=/; domain=.npmjs.org; HttpOnly; SameSite=Lax' ],
21 silly get     'cf-ray': '6298222e4b594ba0-BKK',
21 silly get     'cache-control': 'public, max-age=300',
21 silly get     etag: 'W/"435ba7ba101fa4c944b327f34b06afcb"',
21 silly get     'last-modified': 'Mon, 01 Mar 2021 22:06:45 GMT',
21 silly get     vary: 'accept-encoding, accept',
21 silly get     'cf-cache-status': 'MISS',
21 silly get     'cf-request-id': '0892f3b0e800004ba0133d3000000001',
21 silly get     'expect-ct': 'max-age=604800, report-uri="https://report-uri.cloudflare.com/cdn-cgi/beacon/expect-ct"',
21 silly get     server: 'cloudflare',
21 silly get     'content-encoding': 'gzip' } ]
22 verbose get saving node to /root/.npm/registry.npmjs.org/node/.cache.json
23 verbose correctMkdir /root/.npm correctMkdir not in flight; initializing
24 silly install normalizeTree
25 silly loadCurrentTree Finishing
26 silly loadIdealTree Starting
27 silly install loadIdealTree
28 silly cloneCurrentTree Starting
29 silly install cloneCurrentTreeToIdealTree
30 silly cloneCurrentTree Finishing
31 silly loadShrinkwrap Starting
32 silly install loadShrinkwrap
33 silly loadShrinkwrap Finishing
34 silly loadAllDepsIntoIdealTree Starting
35 silly install loadAllDepsIntoIdealTree
36 silly resolveWithNewModule node@15.10.0 checking installable status
37 silly cache add args [ 'node', null ]
38 verbose cache add spec node
39 silly cache add parsed spec Result {
39 silly cache add   raw: 'node',
39 silly cache add   scope: null,
39 silly cache add   escapedName: 'node',
39 silly cache add   name: 'node',
39 silly cache add   rawSpec: '',
39 silly cache add   spec: 'latest',
39 silly cache add   type: 'tag' }
40 silly addNamed node@latest
41 verbose addNamed "latest" is being treated as a dist-tag for node
42 info addNameTag [ 'node', 'latest' ]
43 silly mapToRegistry name node
44 silly mapToRegistry using default registry
45 silly mapToRegistry registry https://registry.npmjs.org/
46 silly mapToRegistry data Result {
46 silly mapToRegistry   raw: 'node',
46 silly mapToRegistry   scope: null,
46 silly mapToRegistry   escapedName: 'node',
46 silly mapToRegistry   name: 'node',
46 silly mapToRegistry   rawSpec: '',
46 silly mapToRegistry   spec: 'latest',
46 silly mapToRegistry   type: 'tag' }
47 silly mapToRegistry uri https://registry.npmjs.org/node
48 verbose addNameTag registry:https://registry.npmjs.org/node not in flight; fetching
49 verbose get https://registry.npmjs.org/node not expired, no request
50 silly addNameTag next cb for node with tag latest
51 silly addNamed node@15.10.0
52 verbose addNamed "15.10.0" is a plain semver version for node
53 silly mapToRegistry name node
54 silly mapToRegistry using default registry
55 silly mapToRegistry registry https://registry.npmjs.org/
56 silly mapToRegistry data Result {
56 silly mapToRegistry   raw: 'node',
56 silly mapToRegistry   scope: null,
56 silly mapToRegistry   escapedName: 'node',
56 silly mapToRegistry   name: 'node',
56 silly mapToRegistry   rawSpec: '',
56 silly mapToRegistry   spec: 'latest',
56 silly mapToRegistry   type: 'tag' }
57 silly mapToRegistry uri https://registry.npmjs.org/node
58 verbose addRemoteTarball https://registry.npmjs.org/node/-/node-15.10.0.tgz not in flight; adding
59 verbose addRemoteTarball [ 'https://registry.npmjs.org/node/-/node-15.10.0.tgz',
59 verbose addRemoteTarball   '082a1e03cb4b58199d4b427b379dca6053193260' ]
60 info retry fetch attempt 1 at 12:13:03 PM
61 info attempt registry request try #1 at 12:13:03 PM
62 http fetch GET https://registry.npmjs.org/node/-/node-15.10.0.tgz
63 http fetch 200 https://registry.npmjs.org/node/-/node-15.10.0.tgz
64 silly fetchAndShaCheck shasum 082a1e03cb4b58199d4b427b379dca6053193260
65 verbose addTmpTarball /tmp/npm-8498-3aec607a/registry.npmjs.org/node/-/node-15.10.0.tgz not in flight; adding
66 verbose addTmpTarball already have metadata; skipping unpack for node@15.10.0
67 verbose correctMkdir /root/.npm correctMkdir not in flight; initializing
68 silly cache afterAdd node@15.10.0
69 verbose afterAdd /root/.npm/node/15.10.0/package/package.json not in flight; writing
70 verbose correctMkdir /root/.npm correctMkdir not in flight; initializing
71 verbose afterAdd /root/.npm/node/15.10.0/package/package.json written
72 silly fetchNamedPackageData node-bin-setup
73 silly mapToRegistry name node-bin-setup
74 silly mapToRegistry using default registry
75 silly mapToRegistry registry https://registry.npmjs.org/
76 silly mapToRegistry data Result {
76 silly mapToRegistry   raw: 'node-bin-setup',
76 silly mapToRegistry   scope: null,
76 silly mapToRegistry   escapedName: 'node-bin-setup',
76 silly mapToRegistry   name: 'node-bin-setup',
76 silly mapToRegistry   rawSpec: '',
76 silly mapToRegistry   spec: 'latest',
76 silly mapToRegistry   type: 'tag' }
77 silly mapToRegistry uri https://registry.npmjs.org/node-bin-setup
78 verbose request uri https://registry.npmjs.org/node-bin-setup
79 verbose request no auth needed
80 info attempt registry request try #1 at 12:13:04 PM
81 http request GET https://registry.npmjs.org/node-bin-setup
82 http 200 https://registry.npmjs.org/node-bin-setup
83 verbose headers { date: 'Tue, 02 Mar 2021 05:13:07 GMT',
83 verbose headers   'content-type': 'application/json; charset=UTF-8',
83 verbose headers   'transfer-encoding': 'chunked',
83 verbose headers   connection: 'keep-alive',
83 verbose headers   'set-cookie': [ '__cfduid=d080aa5f8b3dc27a6264c481a92cd43971614661986; expires=Thu, 01-Apr-21 05:13:06 GMT; path=/; domain=.npmjs.org; HttpOnly; SameSite=Lax' ],
83 verbose headers   'cf-ray': '6298224848484ba0-BKK',
83 verbose headers   'cache-control': 'public, max-age=300',
83 verbose headers   etag: 'W/"696d6ec470fda56a33885508a280edab"',
83 verbose headers   'last-modified': 'Sun, 27 May 2018 09:55:03 GMT',
83 verbose headers   vary: 'accept-encoding, accept',
83 verbose headers   'cf-cache-status': 'MISS',
83 verbose headers   'cf-request-id': '0892f3c12b00004ba00b844000000001',
83 verbose headers   'expect-ct': 'max-age=604800, report-uri="https://report-uri.cloudflare.com/cdn-cgi/beacon/expect-ct"',
83 verbose headers   server: 'cloudflare',
83 verbose headers   'content-encoding': 'gzip' }
84 silly get cb [ 200,
84 silly get   { date: 'Tue, 02 Mar 2021 05:13:07 GMT',
84 silly get     'content-type': 'application/json; charset=UTF-8',
84 silly get     'transfer-encoding': 'chunked',
84 silly get     connection: 'keep-alive',
84 silly get     'set-cookie': [ '__cfduid=d080aa5f8b3dc27a6264c481a92cd43971614661986; expires=Thu, 01-Apr-21 05:13:06 GMT; path=/; domain=.npmjs.org; HttpOnly; SameSite=Lax' ],
84 silly get     'cf-ray': '6298224848484ba0-BKK',
84 silly get     'cache-control': 'public, max-age=300',
84 silly get     etag: 'W/"696d6ec470fda56a33885508a280edab"',
84 silly get     'last-modified': 'Sun, 27 May 2018 09:55:03 GMT',
84 silly get     vary: 'accept-encoding, accept',
84 silly get     'cf-cache-status': 'MISS',
84 silly get     'cf-request-id': '0892f3c12b00004ba00b844000000001',
84 silly get     'expect-ct': 'max-age=604800, report-uri="https://report-uri.cloudflare.com/cdn-cgi/beacon/expect-ct"',
84 silly get     server: 'cloudflare',
84 silly get     'content-encoding': 'gzip' } ]
85 verbose get saving node-bin-setup to /root/.npm/registry.npmjs.org/node-bin-setup/.cache.json
86 verbose correctMkdir /root/.npm correctMkdir not in flight; initializing
87 silly resolveWithNewModule node-bin-setup@1.0.6 checking installable status
88 silly cache add args [ 'node-bin-setup@^1.0.0', null ]
89 verbose cache add spec node-bin-setup@^1.0.0
90 silly cache add parsed spec Result {
90 silly cache add   raw: 'node-bin-setup@^1.0.0',
90 silly cache add   scope: null,
90 silly cache add   escapedName: 'node-bin-setup',
90 silly cache add   name: 'node-bin-setup',
90 silly cache add   rawSpec: '^1.0.0',
90 silly cache add   spec: '>=1.0.0 <2.0.0',
90 silly cache add   type: 'range' }
91 silly addNamed node-bin-setup@>=1.0.0 <2.0.0
92 verbose addNamed ">=1.0.0 <2.0.0" is a valid semver range for node-bin-setup
93 silly addNameRange { name: 'node-bin-setup',
93 silly addNameRange   range: '>=1.0.0 <2.0.0',
93 silly addNameRange   hasData: false }
94 silly mapToRegistry name node-bin-setup
95 silly mapToRegistry using default registry
96 silly mapToRegistry registry https://registry.npmjs.org/
97 silly mapToRegistry data Result {
97 silly mapToRegistry   raw: 'node-bin-setup',
97 silly mapToRegistry   scope: null,
97 silly mapToRegistry   escapedName: 'node-bin-setup',
97 silly mapToRegistry   name: 'node-bin-setup',
97 silly mapToRegistry   rawSpec: '',
97 silly mapToRegistry   spec: 'latest',
97 silly mapToRegistry   type: 'tag' }
98 silly mapToRegistry uri https://registry.npmjs.org/node-bin-setup
99 verbose addNameRange registry:https://registry.npmjs.org/node-bin-setup not in flight; fetching
100 verbose get https://registry.npmjs.org/node-bin-setup not expired, no request
101 silly addNameRange number 2 { name: 'node-bin-setup',
101 silly addNameRange   range: '>=1.0.0 <2.0.0',
101 silly addNameRange   hasData: true }
102 silly addNameRange versions [ 'node-bin-setup',
102 silly addNameRange   [ '1.0.0', '1.0.1', '1.0.2', '1.0.3', '1.0.4', '1.0.6' ] ]
103 silly addNamed node-bin-setup@1.0.6
104 verbose addNamed "1.0.6" is a plain semver version for node-bin-setup
105 silly mapToRegistry name node-bin-setup
106 silly mapToRegistry using default registry
107 silly mapToRegistry registry https://registry.npmjs.org/
108 silly mapToRegistry data Result {
108 silly mapToRegistry   raw: 'node-bin-setup',
108 silly mapToRegistry   scope: null,
108 silly mapToRegistry   escapedName: 'node-bin-setup',
108 silly mapToRegistry   name: 'node-bin-setup',
108 silly mapToRegistry   rawSpec: '',
108 silly mapToRegistry   spec: 'latest',
108 silly mapToRegistry   type: 'tag' }
109 silly mapToRegistry uri https://registry.npmjs.org/node-bin-setup
110 verbose addRemoteTarball https://registry.npmjs.org/node-bin-setup/-/node-bin-setup-1.0.6.tgz not in flight; adding
111 verbose addRemoteTarball [ 'https://registry.npmjs.org/node-bin-setup/-/node-bin-setup-1.0.6.tgz',
111 verbose addRemoteTarball   '4b5c9bb937ece702d7069b36ca78af4684677528' ]
112 info retry fetch attempt 1 at 12:13:05 PM
113 info attempt registry request try #1 at 12:13:05 PM
114 http fetch GET https://registry.npmjs.org/node-bin-setup/-/node-bin-setup-1.0.6.tgz
115 http fetch 200 https://registry.npmjs.org/node-bin-setup/-/node-bin-setup-1.0.6.tgz
116 silly fetchAndShaCheck shasum 4b5c9bb937ece702d7069b36ca78af4684677528
117 verbose addTmpTarball /tmp/npm-8498-3aec607a/registry.npmjs.org/node-bin-setup/-/node-bin-setup-1.0.6.tgz not in flight; adding
118 verbose addTmpTarball already have metadata; skipping unpack for node-bin-setup@1.0.6
119 verbose correctMkdir /root/.npm correctMkdir not in flight; initializing
120 silly cache afterAdd node-bin-setup@1.0.6
121 verbose afterAdd /root/.npm/node-bin-setup/1.0.6/package/package.json not in flight; writing
122 verbose correctMkdir /root/.npm correctMkdir not in flight; initializing
123 verbose afterAdd /root/.npm/node-bin-setup/1.0.6/package/package.json written
124 silly fetchNamedPackageData fsevents
125 silly mapToRegistry name fsevents
126 silly mapToRegistry using default registry
127 silly mapToRegistry registry https://registry.npmjs.org/
128 silly mapToRegistry data Result {
128 silly mapToRegistry   raw: 'fsevents',
128 silly mapToRegistry   scope: null,
128 silly mapToRegistry   escapedName: 'fsevents',
128 silly mapToRegistry   name: 'fsevents',
128 silly mapToRegistry   rawSpec: '',
128 silly mapToRegistry   spec: 'latest',
128 silly mapToRegistry   type: 'tag' }
129 silly mapToRegistry uri https://registry.npmjs.org/fsevents
130 verbose request uri https://registry.npmjs.org/fsevents
131 verbose request no auth needed
132 info attempt registry request try #1 at 12:13:06 PM
133 verbose etag W/"897b89cb36d39b1e4f3706e4aaceba9b"
134 verbose lastModified Fri, 05 Feb 2021 14:46:37 GMT
135 http request GET https://registry.npmjs.org/fsevents
136 http 304 https://registry.npmjs.org/fsevents
137 verbose headers { date: 'Tue, 02 Mar 2021 05:13:08 GMT',
137 verbose headers   connection: 'keep-alive',
137 verbose headers   'set-cookie': [ '__cfduid=def0691330748c3624b9da9305b62db7d1614661988; expires=Thu, 01-Apr-21 05:13:08 GMT; path=/; domain=.npmjs.org; HttpOnly; SameSite=Lax' ],
137 verbose headers   'cf-ray': '629822522a8c4ba0-BKK',
137 verbose headers   age: '3298',
137 verbose headers   'cache-control': 'public, max-age=300',
137 verbose headers   etag: '"897b89cb36d39b1e4f3706e4aaceba9b"',
137 verbose headers   'last-modified': 'Fri, 05 Feb 2021 14:46:37 GMT',
137 verbose headers   vary: 'Accept-Encoding',
137 verbose headers   'cf-cache-status': 'HIT',
137 verbose headers   'cf-request-id': '0892f3c75500004ba00b882000000001',
137 verbose headers   'expect-ct': 'max-age=604800, report-uri="https://report-uri.cloudflare.com/cdn-cgi/beacon/expect-ct"',
137 verbose headers   server: 'cloudflare' }
138 silly get cb [ 304,
138 silly get   { date: 'Tue, 02 Mar 2021 05:13:08 GMT',
138 silly get     connection: 'keep-alive',
138 silly get     'set-cookie': [ '__cfduid=def0691330748c3624b9da9305b62db7d1614661988; expires=Thu, 01-Apr-21 05:13:08 GMT; path=/; domain=.npmjs.org; HttpOnly; SameSite=Lax' ],
138 silly get     'cf-ray': '629822522a8c4ba0-BKK',
138 silly get     age: '3298',
138 silly get     'cache-control': 'public, max-age=300',
138 silly get     etag: '"897b89cb36d39b1e4f3706e4aaceba9b"',
138 silly get     'last-modified': 'Fri, 05 Feb 2021 14:46:37 GMT',
138 silly get     vary: 'Accept-Encoding',
138 silly get     'cf-cache-status': 'HIT',
138 silly get     'cf-request-id': '0892f3c75500004ba00b882000000001',
138 silly get     'expect-ct': 'max-age=604800, report-uri="https://report-uri.cloudflare.com/cdn-cgi/beacon/expect-ct"',
138 silly get     server: 'cloudflare' } ]
139 verbose etag https://registry.npmjs.org/fsevents from cache
140 verbose get saving fsevents to /root/.npm/registry.npmjs.org/fsevents/.cache.json
141 verbose correctMkdir /root/.npm correctMkdir not in flight; initializing
142 silly resolveWithNewModule fsevents@2.3.2 checking installable status
143 silly loadAllDepsIntoIdealTree Finishing
144 silly loadIdealTree Finishing
145 silly currentTree nodeApp@1.0.0
145 silly currentTree ├── @babel/code-frame@7.12.13
145 silly currentTree ├── @babel/compat-data@7.13.8
145 silly currentTree ├─┬ @babel/core@7.13.8
145 silly currentTree │ └── source-map@0.5.7
145 silly currentTree ├─┬ @babel/generator@7.13.9
145 silly currentTree │ └── source-map@0.5.7
145 silly currentTree ├── @babel/helper-compilation-targets@7.13.8
145 silly currentTree ├── @babel/helper-function-name@7.12.13
145 silly currentTree ├── @babel/helper-get-function-arity@7.12.13
145 silly currentTree ├── @babel/helper-member-expression-to-functions@7.13.0
145 silly currentTree ├── @babel/helper-module-imports@7.12.13
145 silly currentTree ├── @babel/helper-module-transforms@7.13.0
145 silly currentTree ├── @babel/helper-optimise-call-expression@7.12.13
145 silly currentTree ├── @babel/helper-plugin-utils@7.13.0
145 silly currentTree ├── @babel/helper-replace-supers@7.13.0
145 silly currentTree ├── @babel/helper-simple-access@7.12.13
145 silly currentTree ├── @babel/helper-split-export-declaration@7.12.13
145 silly currentTree ├── @babel/helper-validator-identifier@7.12.11
145 silly currentTree ├── @babel/helper-validator-option@7.12.17
145 silly currentTree ├── @babel/helpers@7.13.0
145 silly currentTree ├─┬ @babel/highlight@7.13.8
145 silly currentTree │ ├── ansi-styles@3.2.1
145 silly currentTree │ ├── chalk@2.4.2
145 silly currentTree │ ├── color-convert@1.9.3
145 silly currentTree │ ├── color-name@1.1.3
145 silly currentTree │ ├── has-flag@3.0.0
145 silly currentTree │ └── supports-color@5.5.0
145 silly currentTree ├── @babel/parser@7.13.9
145 silly currentTree ├── @babel/plugin-syntax-async-generators@7.8.4
145 silly currentTree ├── @babel/plugin-syntax-bigint@7.8.3
145 silly currentTree ├── @babel/plugin-syntax-class-properties@7.12.13
145 silly currentTree ├── @babel/plugin-syntax-import-meta@7.10.4
145 silly currentTree ├── @babel/plugin-syntax-json-strings@7.8.3
145 silly currentTree ├── @babel/plugin-syntax-logical-assignment-operators@7.10.4
145 silly currentTree ├── @babel/plugin-syntax-nullish-coalescing-operator@7.8.3
145 silly currentTree ├── @babel/plugin-syntax-numeric-separator@7.10.4
145 silly currentTree ├── @babel/plugin-syntax-object-rest-spread@7.8.3
145 silly currentTree ├── @babel/plugin-syntax-optional-catch-binding@7.8.3
145 silly currentTree ├── @babel/plugin-syntax-optional-chaining@7.8.3
145 silly currentTree ├── @babel/plugin-syntax-top-level-await@7.12.13
145 silly currentTree ├── @babel/template@7.12.13
145 silly currentTree ├── @babel/traverse@7.13.0
145 silly currentTree ├── @babel/types@7.13.0
145 silly currentTree ├── @bcoe/v8-coverage@0.2.3
145 silly currentTree ├── @cnakazawa/watch@1.0.4
145 silly currentTree ├── @istanbuljs/load-nyc-config@1.1.0
145 silly currentTree ├── @istanbuljs/schema@0.1.3
145 silly currentTree ├── @jest/console@26.6.2
145 silly currentTree ├── @jest/core@26.6.3
145 silly currentTree ├── @jest/environment@26.6.2
145 silly currentTree ├── @jest/fake-timers@26.6.2
145 silly currentTree ├── @jest/globals@26.6.2
145 silly currentTree ├── @jest/reporters@26.6.2
145 silly currentTree ├── @jest/source-map@26.6.2
145 silly currentTree ├── @jest/test-result@26.6.2
145 silly currentTree ├── @jest/test-sequencer@26.6.3
145 silly currentTree ├── @jest/transform@26.6.2
145 silly currentTree ├── @jest/types@26.6.2
145 silly currentTree ├── @sinonjs/commons@1.8.2
145 silly currentTree ├── @sinonjs/fake-timers@6.0.1
145 silly currentTree ├── @types/babel__core@7.1.12
145 silly currentTree ├── @types/babel__generator@7.6.2
145 silly currentTree ├── @types/babel__template@7.4.0
145 silly currentTree ├── @types/babel__traverse@7.11.0
145 silly currentTree ├── @types/graceful-fs@4.1.5
145 silly currentTree ├── @types/istanbul-lib-coverage@2.0.3
145 silly currentTree ├── @types/istanbul-lib-report@3.0.0
145 silly currentTree ├── @types/istanbul-reports@3.0.0
145 silly currentTree ├── @types/node@14.14.31
145 silly currentTree ├── @types/normalize-package-data@2.4.0
145 silly currentTree ├── @types/prettier@2.2.1
145 silly currentTree ├── @types/stack-utils@2.0.0
145 silly currentTree ├── @types/yargs-parser@20.2.0
145 silly currentTree ├── @types/yargs@15.0.13
145 silly currentTree ├── abab@2.0.5
145 silly currentTree ├── accepts@1.3.7
145 silly currentTree ├── acorn-globals@6.0.0
145 silly currentTree ├── acorn-walk@7.2.0
145 silly currentTree ├── acorn@7.4.1
145 silly currentTree ├── ajv@6.12.6
145 silly currentTree ├─┬ ansi-escapes@4.3.1
145 silly currentTree │ └── type-fest@0.11.0
145 silly currentTree ├── ansi-regex@5.0.0
145 silly currentTree ├── ansi-styles@4.3.0
145 silly currentTree ├── anymatch@3.1.1
145 silly currentTree ├── argparse@1.0.10
145 silly currentTree ├── arr-diff@4.0.0
145 silly currentTree ├── arr-flatten@1.1.0
145 silly currentTree ├── arr-union@3.1.0
145 silly currentTree ├── array-flatten@1.1.1
145 silly currentTree ├── array-unique@0.3.2
145 silly currentTree ├── asn1@0.2.4
145 silly currentTree ├── assert-plus@1.0.0
145 silly currentTree ├── assign-symbols@1.0.0
145 silly currentTree ├── asynckit@0.4.0
145 silly currentTree ├── atob@2.1.2
145 silly currentTree ├── aws-sign2@0.7.0
145 silly currentTree ├── aws4@1.11.0
145 silly currentTree ├── babel-jest@26.6.3
145 silly currentTree ├── babel-plugin-istanbul@6.0.0
145 silly currentTree ├── babel-plugin-jest-hoist@26.6.2
145 silly currentTree ├── babel-preset-current-node-syntax@1.0.1
145 silly currentTree ├── babel-preset-jest@26.6.2
145 silly currentTree ├── balanced-match@1.0.0
145 silly currentTree ├─┬ base@0.11.2
145 silly currentTree │ ├── define-property@1.0.0
145 silly currentTree │ ├── is-accessor-descriptor@1.0.0
145 silly currentTree │ ├── is-data-descriptor@1.0.0
145 silly currentTree │ └── is-descriptor@1.0.2
145 silly currentTree ├── bcrypt-pbkdf@1.0.2
145 silly currentTree ├─┬ body-parser@1.19.0
145 silly currentTree │ ├── debug@2.6.9
145 silly currentTree │ ├── ms@2.0.0
145 silly currentTree │ └── qs@6.7.0
145 silly currentTree ├── brace-expansion@1.1.11
145 silly currentTree ├── braces@3.0.2
145 silly currentTree ├── browser-process-hrtime@1.0.0
145 silly currentTree ├── browserslist@4.16.3
145 silly currentTree ├── bser@2.1.1
145 silly currentTree ├── buffer-from@1.1.1
145 silly currentTree ├── bytes@3.1.0
145 silly currentTree ├── cache-base@1.0.1
145 silly currentTree ├── callsites@3.1.0
145 silly currentTree ├── camelcase@5.3.1
145 silly currentTree ├── caniuse-lite@1.0.30001192
145 silly currentTree ├── capture-exit@2.0.0
145 silly currentTree ├── caseless@0.12.0
145 silly currentTree ├── chalk@4.1.0
145 silly currentTree ├── char-regex@1.0.2
145 silly currentTree ├── ci-info@2.0.0
145 silly currentTree ├── cjs-module-lexer@0.6.0
145 silly currentTree ├─┬ class-utils@0.3.6
145 silly currentTree │ └── define-property@0.2.5
145 silly currentTree ├── cliui@6.0.0
145 silly currentTree ├── co@4.6.0
145 silly currentTree ├── collect-v8-coverage@1.0.1
145 silly currentTree ├── collection-visit@1.0.0
145 silly currentTree ├── color-convert@2.0.1
145 silly currentTree ├── color-name@1.1.4
145 silly currentTree ├── colorette@1.2.2
145 silly currentTree ├── combined-stream@1.0.8
145 silly currentTree ├── component-emitter@1.3.0
145 silly currentTree ├── concat-map@0.0.1
145 silly currentTree ├── content-disposition@0.5.3
145 silly currentTree ├── content-type@1.0.4
145 silly currentTree ├── convert-source-map@1.7.0
145 silly currentTree ├── cookie-signature@1.0.6
145 silly currentTree ├── cookie@0.4.0
145 silly currentTree ├── copy-descriptor@0.1.1
145 silly currentTree ├── core-util-is@1.0.2
145 silly currentTree ├─┬ cross-spawn@6.0.5
145 silly currentTree │ └── semver@5.7.1
145 silly currentTree ├── cssom@0.4.4
145 silly currentTree ├─┬ cssstyle@2.3.0
145 silly currentTree │ └── cssom@0.3.8
145 silly currentTree ├── dashdash@1.14.1
145 silly currentTree ├── data-urls@2.0.0
145 silly currentTree ├── debug@4.3.1
145 silly currentTree ├── decamelize@1.2.0
145 silly currentTree ├── decimal.js@10.2.1
145 silly currentTree ├── decode-uri-component@0.2.0
145 silly currentTree ├── deep-is@0.1.3
145 silly currentTree ├── deepmerge@4.2.2
145 silly currentTree ├─┬ define-property@2.0.2
145 silly currentTree │ ├── is-accessor-descriptor@1.0.0
145 silly currentTree │ ├── is-data-descriptor@1.0.0
145 silly currentTree │ └── is-descriptor@1.0.2
145 silly currentTree ├── delayed-stream@1.0.0
145 silly currentTree ├── depd@1.1.2
145 silly currentTree ├── destroy@1.0.4
145 silly currentTree ├── detect-newline@3.1.0
145 silly currentTree ├── diff-sequences@26.6.2
145 silly currentTree ├─┬ domexception@2.0.1
145 silly currentTree │ └── webidl-conversions@5.0.0
145 silly currentTree ├── ecc-jsbn@0.1.2
145 silly currentTree ├── ee-first@1.1.1
145 silly currentTree ├── electron-to-chromium@1.3.676
145 silly currentTree ├── emittery@0.7.2
145 silly currentTree ├── emoji-regex@8.0.0
145 silly currentTree ├── encodeurl@1.0.2
145 silly currentTree ├── end-of-stream@1.4.4
145 silly currentTree ├── error-ex@1.3.2
145 silly currentTree ├── escalade@3.1.1
145 silly currentTree ├── escape-html@1.0.3
145 silly currentTree ├── escape-string-regexp@1.0.5
145 silly currentTree ├── escodegen@1.14.3
145 silly currentTree ├── esprima@4.0.1
145 silly currentTree ├── estraverse@4.3.0
145 silly currentTree ├── esutils@2.0.3
145 silly currentTree ├── etag@1.8.1
145 silly currentTree ├── exec-sh@0.3.4
145 silly currentTree ├── execa@1.0.0
145 silly currentTree ├── exit@0.1.2
145 silly currentTree ├─┬ expand-brackets@2.1.4
145 silly currentTree │ ├── debug@2.6.9
145 silly currentTree │ ├── define-property@0.2.5
145 silly currentTree │ ├── extend-shallow@2.0.1
145 silly currentTree │ └── ms@2.0.0
145 silly currentTree ├── expect@26.6.2
145 silly currentTree ├─┬ express@4.17.1
145 silly currentTree │ ├── debug@2.6.9
145 silly currentTree │ ├── ms@2.0.0
145 silly currentTree │ └── qs@6.7.0
145 silly currentTree ├─┬ extend-shallow@3.0.2
145 silly currentTree │ └── is-extendable@1.0.1
145 silly currentTree ├── extend@3.0.2
145 silly currentTree ├─┬ extglob@2.0.4
145 silly currentTree │ ├── define-property@1.0.0
145 silly currentTree │ ├── extend-shallow@2.0.1
145 silly currentTree │ ├── is-accessor-descriptor@1.0.0
145 silly currentTree │ ├── is-data-descriptor@1.0.0
145 silly currentTree │ └── is-descriptor@1.0.2
145 silly currentTree ├── extsprintf@1.3.0
145 silly currentTree ├── fast-deep-equal@3.1.3
145 silly currentTree ├── fast-json-stable-stringify@2.1.0
145 silly currentTree ├── fast-levenshtein@2.0.6
145 silly currentTree ├── fb-watchman@2.0.1
145 silly currentTree ├── fill-range@7.0.1
145 silly currentTree ├─┬ finalhandler@1.1.2
145 silly currentTree │ ├── debug@2.6.9
145 silly currentTree │ └── ms@2.0.0
145 silly currentTree ├── find-up@4.1.0
145 silly currentTree ├── for-in@1.0.2
145 silly currentTree ├── forever-agent@0.6.1
145 silly currentTree ├── form-data@2.3.3
145 silly currentTree ├── forwarded@0.1.2
145 silly currentTree ├── fragment-cache@0.2.1
145 silly currentTree ├── fresh@0.5.2
145 silly currentTree ├── fs.realpath@1.0.0
145 silly currentTree ├── function-bind@1.1.1
145 silly currentTree ├── gensync@1.0.0-beta.2
145 silly currentTree ├── get-caller-file@2.0.5
145 silly currentTree ├── get-package-type@0.1.0
145 silly currentTree ├── get-stream@4.1.0
145 silly currentTree ├── get-value@2.0.6
145 silly currentTree ├── getpass@0.1.7
145 silly currentTree ├── glob@7.1.6
145 silly currentTree ├── globals@11.12.0
145 silly currentTree ├── graceful-fs@4.2.6
145 silly currentTree ├── growly@1.3.0
145 silly currentTree ├── har-schema@2.0.0
145 silly currentTree ├── har-validator@5.1.5
145 silly currentTree ├── has-flag@4.0.0
145 silly currentTree ├── has-value@1.0.0
145 silly currentTree ├─┬ has-values@1.0.0
145 silly currentTree │ ├─┬ is-number@3.0.0
145 silly currentTree │ │ └── kind-of@3.2.2
145 silly currentTree │ └── kind-of@4.0.0
145 silly currentTree ├── has@1.0.3
145 silly currentTree ├── hosted-git-info@2.8.8
145 silly currentTree ├── html-encoding-sniffer@2.0.1
145 silly currentTree ├── html-escaper@2.0.2
145 silly currentTree ├─┬ http-errors@1.7.2
145 silly currentTree │ └── inherits@2.0.3
145 silly currentTree ├── http-signature@1.2.0
145 silly currentTree ├── human-signals@1.1.1
145 silly currentTree ├── iconv-lite@0.4.24
145 silly currentTree ├── import-local@3.0.2
145 silly currentTree ├── imurmurhash@0.1.4
145 silly currentTree ├── inflight@1.0.6
145 silly currentTree ├── inherits@2.0.4
145 silly currentTree ├── ip-regex@2.1.0
145 silly currentTree ├── ipaddr.js@1.9.1
145 silly currentTree ├─┬ is-accessor-descriptor@0.1.6
145 silly currentTree │ └── kind-of@3.2.2
145 silly currentTree ├── is-arrayish@0.2.1
145 silly currentTree ├── is-buffer@1.1.6
145 silly currentTree ├── is-ci@2.0.0
145 silly currentTree ├── is-core-module@2.2.0
145 silly currentTree ├─┬ is-data-descriptor@0.1.4
145 silly currentTree │ └── kind-of@3.2.2
145 silly currentTree ├─┬ is-descriptor@0.1.6
145 silly currentTree │ └── kind-of@5.1.0
145 silly currentTree ├── is-docker@2.1.1
145 silly currentTree ├── is-extendable@0.1.1
145 silly currentTree ├── is-fullwidth-code-point@3.0.0
145 silly currentTree ├── is-generator-fn@2.1.0
145 silly currentTree ├── is-number@7.0.0
145 silly currentTree ├── is-plain-object@2.0.4
145 silly currentTree ├── is-potential-custom-element-name@1.0.0
145 silly currentTree ├── is-stream@1.1.0
145 silly currentTree ├── is-typedarray@1.0.0
145 silly currentTree ├── is-windows@1.0.2
145 silly currentTree ├── is-wsl@2.2.0
145 silly currentTree ├── isarray@1.0.0
145 silly currentTree ├── isexe@2.0.0
145 silly currentTree ├── isobject@3.0.1
145 silly currentTree ├── isstream@0.1.2
145 silly currentTree ├── istanbul-lib-coverage@3.0.0
145 silly currentTree ├── istanbul-lib-instrument@4.0.3
145 silly currentTree ├── istanbul-lib-report@3.0.0
145 silly currentTree ├── istanbul-lib-source-maps@4.0.0
145 silly currentTree ├── istanbul-reports@3.0.2
145 silly currentTree ├─┬ jest-changed-files@26.6.2
145 silly currentTree │ ├── cross-spawn@7.0.3
145 silly currentTree │ ├── execa@4.1.0
145 silly currentTree │ ├── get-stream@5.2.0
145 silly currentTree │ ├── is-stream@2.0.0
145 silly currentTree │ ├── npm-run-path@4.0.1
145 silly currentTree │ ├── path-key@3.1.1
145 silly currentTree │ ├── shebang-command@2.0.0
145 silly currentTree │ ├── shebang-regex@3.0.0
145 silly currentTree │ └── which@2.0.2
145 silly currentTree ├── jest-config@26.6.3
145 silly currentTree ├── jest-diff@26.6.2
145 silly currentTree ├── jest-docblock@26.0.0
145 silly currentTree ├── jest-each@26.6.2
145 silly currentTree ├── jest-environment-jsdom@26.6.2
145 silly currentTree ├── jest-environment-node@26.6.2
145 silly currentTree ├── jest-get-type@26.3.0
145 silly currentTree ├── jest-haste-map@26.6.2
145 silly currentTree ├── jest-jasmine2@26.6.3
145 silly currentTree ├── jest-leak-detector@26.6.2
145 silly currentTree ├── jest-matcher-utils@26.6.2
145 silly currentTree ├── jest-message-util@26.6.2
145 silly currentTree ├── jest-mock@26.6.2
145 silly currentTree ├── jest-pnp-resolver@1.2.2
145 silly currentTree ├── jest-regex-util@26.0.0
145 silly currentTree ├── jest-resolve-dependencies@26.6.3
145 silly currentTree ├── jest-resolve@26.6.2
145 silly currentTree ├── jest-runner@26.6.3
145 silly currentTree ├── jest-runtime@26.6.3
145 silly currentTree ├── jest-serializer@26.6.2
145 silly currentTree ├─┬ jest-snapshot@26.6.2
145 silly currentTree │ └── semver@7.3.4
145 silly currentTree ├── jest-util@26.6.2
145 silly currentTree ├─┬ jest-validate@26.6.2
145 silly currentTree │ └── camelcase@6.2.0
145 silly currentTree ├── jest-watcher@26.6.2
145 silly currentTree ├── jest-worker@26.6.2
145 silly currentTree ├─┬ jest@26.6.3
145 silly currentTree │ └── jest-cli@26.6.3
145 silly currentTree ├── js-tokens@4.0.0
145 silly currentTree ├── js-yaml@3.14.1
145 silly currentTree ├── jsbn@0.1.1
145 silly currentTree ├── jsdom@16.4.0
145 silly currentTree ├── jsesc@2.5.2
145 silly currentTree ├── json-parse-even-better-errors@2.3.1
145 silly currentTree ├── json-schema-traverse@0.4.1
145 silly currentTree ├── json-schema@0.2.3
145 silly currentTree ├── json-stringify-safe@5.0.1
145 silly currentTree ├── json5@2.2.0
145 silly currentTree ├── jsprim@1.4.1
145 silly currentTree ├── kind-of@6.0.3
145 silly currentTree ├── kleur@3.0.3
145 silly currentTree ├── leven@3.1.0
145 silly currentTree ├── levn@0.3.0
145 silly currentTree ├── lines-and-columns@1.1.6
145 silly currentTree ├── locate-path@5.0.0
145 silly currentTree ├── lodash.sortby@4.7.0
145 silly currentTree ├── lodash@4.17.21
145 silly currentTree ├── lru-cache@6.0.0
145 silly currentTree ├── make-dir@3.1.0
145 silly currentTree ├── makeerror@1.0.11
145 silly currentTree ├── map-cache@0.2.2
145 silly currentTree ├── map-visit@1.0.0
145 silly currentTree ├── media-typer@0.3.0
145 silly currentTree ├── merge-descriptors@1.0.1
145 silly currentTree ├── merge-stream@2.0.0
145 silly currentTree ├── methods@1.1.2
145 silly currentTree ├── micromatch@4.0.2
145 silly currentTree ├── mime-db@1.46.0
145 silly currentTree ├── mime-types@2.1.29
145 silly currentTree ├── mime@1.6.0
145 silly currentTree ├── mimic-fn@2.1.0
145 silly currentTree ├── minimatch@3.0.4
145 silly currentTree ├── minimist@1.2.5
145 silly currentTree ├─┬ mixin-deep@1.3.2
145 silly currentTree │ └── is-extendable@1.0.1
145 silly currentTree ├── ms@2.1.2
145 silly currentTree ├── nanomatch@1.2.13
145 silly currentTree ├── natural-compare@1.4.0
145 silly currentTree ├── negotiator@0.6.2
145 silly currentTree ├── nice-try@1.0.5
145 silly currentTree ├── node-int64@0.4.0
145 silly currentTree ├── node-modules-regexp@1.0.0
145 silly currentTree ├─┬ node-notifier@8.0.1
145 silly currentTree │ ├── semver@7.3.4
145 silly currentTree │ └── which@2.0.2
145 silly currentTree ├── node-releases@1.1.71
145 silly currentTree ├─┬ normalize-package-data@2.5.0
145 silly currentTree │ └── semver@5.7.1
145 silly currentTree ├── normalize-path@3.0.0
145 silly currentTree ├── npm-run-path@2.0.2
145 silly currentTree ├── nwsapi@2.2.0
145 silly currentTree ├── oauth-sign@0.9.0
145 silly currentTree ├─┬ object-copy@0.1.0
145 silly currentTree │ ├── define-property@0.2.5
145 silly currentTree │ └── kind-of@3.2.2
145 silly currentTree ├── object-visit@1.0.1
145 silly currentTree ├── object.pick@1.3.0
145 silly currentTree ├── on-finished@2.3.0
145 silly currentTree ├── once@1.4.0
145 silly currentTree ├── onetime@5.1.2
145 silly currentTree ├── optionator@0.8.3
145 silly currentTree ├── p-each-series@2.2.0
145 silly currentTree ├── p-finally@1.0.0
145 silly currentTree ├── p-limit@2.3.0
145 silly currentTree ├── p-locate@4.1.0
145 silly currentTree ├── p-try@2.2.0
145 silly currentTree ├── parse-json@5.2.0
145 silly currentTree ├── parse5@5.1.1
145 silly currentTree ├── parseurl@1.3.3
145 silly currentTree ├── pascalcase@0.1.1
145 silly currentTree ├── path-exists@4.0.0
145 silly currentTree ├── path-is-absolute@1.0.1
145 silly currentTree ├── path-key@2.0.1
145 silly currentTree ├── path-parse@1.0.6
145 silly currentTree ├── path-to-regexp@0.1.7
145 silly currentTree ├── performance-now@2.1.0
145 silly currentTree ├── picomatch@2.2.2
145 silly currentTree ├── pirates@4.0.1
145 silly currentTree ├── pkg-dir@4.2.0
145 silly currentTree ├── posix-character-classes@0.1.1
145 silly currentTree ├── prelude-ls@1.1.2
145 silly currentTree ├── pretty-format@26.6.2
145 silly currentTree ├── prompts@2.4.0
145 silly currentTree ├── proxy-addr@2.0.6
145 silly currentTree ├── psl@1.8.0
145 silly currentTree ├── pump@3.0.0
145 silly currentTree ├── punycode@2.1.1
145 silly currentTree ├── qs@6.5.2
145 silly currentTree ├── range-parser@1.2.1
145 silly currentTree ├── raw-body@2.4.0
145 silly currentTree ├── react-is@17.0.1
145 silly currentTree ├── read-pkg-up@7.0.1
145 silly currentTree ├─┬ read-pkg@5.2.0
145 silly currentTree │ └── type-fest@0.6.0
145 silly currentTree ├── regex-not@1.0.2
145 silly currentTree ├── remove-trailing-separator@1.1.0
145 silly currentTree ├── repeat-element@1.1.3
145 silly currentTree ├── repeat-string@1.6.1
145 silly currentTree ├── request-promise-core@1.1.4
145 silly currentTree ├─┬ request-promise-native@1.0.9
145 silly currentTree │ └── tough-cookie@2.5.0
145 silly currentTree ├─┬ request@2.88.2
145 silly currentTree │ ├── tough-cookie@2.5.0
145 silly currentTree │ └── uuid@3.4.0
145 silly currentTree ├── require-directory@2.1.1
145 silly currentTree ├── require-main-filename@2.0.0
145 silly currentTree ├── resolve-cwd@3.0.0
145 silly currentTree ├── resolve-from@5.0.0
145 silly currentTree ├── resolve-url@0.2.1
145 silly currentTree ├── resolve@1.20.0
145 silly currentTree ├── ret@0.1.15
145 silly currentTree ├── rimraf@3.0.2
145 silly currentTree ├── rsvp@4.8.5
145 silly currentTree ├── safe-buffer@5.1.2
145 silly currentTree ├── safe-regex@1.1.0
145 silly currentTree ├── safer-buffer@2.1.2
145 silly currentTree ├─┬ sane@4.1.0
145 silly currentTree │ ├── anymatch@2.0.0
145 silly currentTree │ ├─┬ braces@2.3.2
145 silly currentTree │ │ └── extend-shallow@2.0.1
145 silly currentTree │ ├─┬ fill-range@4.0.0
145 silly currentTree │ │ └── extend-shallow@2.0.1
145 silly currentTree │ ├─┬ is-number@3.0.0
145 silly currentTree │ │ └── kind-of@3.2.2
145 silly currentTree │ ├── micromatch@3.1.10
145 silly currentTree │ ├── normalize-path@2.1.1
145 silly currentTree │ └── to-regex-range@2.1.1
145 silly currentTree ├── saxes@5.0.1
145 silly currentTree ├── semver@6.3.0
145 silly currentTree ├─┬ send@0.17.1
145 silly currentTree │ ├─┬ debug@2.6.9
145 silly currentTree │ │ └── ms@2.0.0
145 silly currentTree │ └── ms@2.1.1
145 silly currentTree ├── serve-static@1.14.1
145 silly currentTree ├── set-blocking@2.0.0
145 silly currentTree ├─┬ set-value@2.0.1
145 silly currentTree │ └── extend-shallow@2.0.1
145 silly currentTree ├── setprototypeof@1.1.1
145 silly currentTree ├── shebang-command@1.2.0
145 silly currentTree ├── shebang-regex@1.0.0
145 silly currentTree ├── shellwords@0.1.1
145 silly currentTree ├── signal-exit@3.0.3
145 silly currentTree ├── sisteransi@1.0.5
145 silly currentTree ├── slash@3.0.0
145 silly currentTree ├─┬ snapdragon-node@2.1.1
145 silly currentTree │ ├── define-property@1.0.0
145 silly currentTree │ ├── is-accessor-descriptor@1.0.0
145 silly currentTree │ ├── is-data-descriptor@1.0.0
145 silly currentTree │ └── is-descriptor@1.0.2
145 silly currentTree ├─┬ snapdragon-util@3.0.1
145 silly currentTree │ └── kind-of@3.2.2
145 silly currentTree ├─┬ snapdragon@0.8.2
145 silly currentTree │ ├── debug@2.6.9
145 silly currentTree │ ├── define-property@0.2.5
145 silly currentTree │ ├── extend-shallow@2.0.1
145 silly currentTree │ ├── ms@2.0.0
145 silly currentTree │ └── source-map@0.5.7
145 silly currentTree ├── source-map-resolve@0.5.3
145 silly currentTree ├── source-map-support@0.5.19
145 silly currentTree ├── source-map-url@0.4.1
145 silly currentTree ├── source-map@0.6.1
145 silly currentTree ├── spdx-correct@3.1.1
145 silly currentTree ├── spdx-exceptions@2.3.0
145 silly currentTree ├── spdx-expression-parse@3.0.1
145 silly currentTree ├── spdx-license-ids@3.0.7
145 silly currentTree ├── split-string@3.1.0
145 silly currentTree ├── sprintf-js@1.0.3
145 silly currentTree ├── sshpk@1.16.1
145 silly currentTree ├─┬ stack-utils@2.0.3
145 silly currentTree │ └── escape-string-regexp@2.0.0
145 silly currentTree ├─┬ static-extend@0.1.2
145 silly currentTree │ └── define-property@0.2.5
145 silly currentTree ├── statuses@1.5.0
145 silly currentTree ├── stealthy-require@1.1.1
145 silly currentTree ├── string-length@4.0.1
145 silly currentTree ├── string-width@4.2.2
145 silly currentTree ├── strip-ansi@6.0.0
145 silly currentTree ├── strip-bom@4.0.0
145 silly currentTree ├── strip-eof@1.0.0
145 silly currentTree ├── strip-final-newline@2.0.0
145 silly currentTree ├── supports-color@7.2.0
145 silly currentTree ├── supports-hyperlinks@2.1.0
145 silly currentTree ├── symbol-tree@3.2.4
145 silly currentTree ├── terminal-link@2.1.1
145 silly currentTree ├── test-exclude@6.0.0
145 silly currentTree ├── throat@5.0.0
145 silly currentTree ├── tmpl@1.0.4
145 silly currentTree ├── to-fast-properties@2.0.0
145 silly currentTree ├─┬ to-object-path@0.3.0
145 silly currentTree │ └── kind-of@3.2.2
145 silly currentTree ├── to-regex-range@5.0.1
145 silly currentTree ├── to-regex@3.0.2
145 silly currentTree ├── toidentifier@1.0.0
145 silly currentTree ├── tough-cookie@3.0.1
145 silly currentTree ├── tr46@2.0.2
145 silly currentTree ├── tunnel-agent@0.6.0
145 silly currentTree ├── tweetnacl@0.14.5
145 silly currentTree ├── type-check@0.3.2
145 silly currentTree ├── type-detect@4.0.8
145 silly currentTree ├── type-fest@0.8.1
145 silly currentTree ├── type-is@1.6.18
145 silly currentTree ├── typedarray-to-buffer@3.1.5
145 silly currentTree ├── union-value@1.0.1
145 silly currentTree ├── unpipe@1.0.0
145 silly currentTree ├─┬ unset-value@1.0.0
145 silly currentTree │ ├─┬ has-value@0.3.1
145 silly currentTree │ │ └── isobject@2.1.0
145 silly currentTree │ └── has-values@0.1.4
145 silly currentTree ├── uri-js@4.4.1
145 silly currentTree ├── urix@0.1.0
145 silly currentTree ├── use@3.1.1
145 silly currentTree ├── utils-merge@1.0.1
145 silly currentTree ├── uuid@8.3.2
145 silly currentTree ├─┬ v8-to-istanbul@7.1.0
145 silly currentTree │ └── source-map@0.7.3
145 silly currentTree ├── validate-npm-package-license@3.0.4
145 silly currentTree ├── vary@1.1.2
145 silly currentTree ├── verror@1.10.0
145 silly currentTree ├── w3c-hr-time@1.0.2
145 silly currentTree ├── w3c-xmlserializer@2.0.0
145 silly currentTree ├── walker@1.0.7
145 silly currentTree ├── webidl-conversions@6.1.0
145 silly currentTree ├── whatwg-encoding@1.0.5
145 silly currentTree ├── whatwg-mimetype@2.3.0
145 silly currentTree ├── whatwg-url@8.4.0
145 silly currentTree ├── which-module@2.0.0
145 silly currentTree ├── which@1.3.1
145 silly currentTree ├── word-wrap@1.2.3
145 silly currentTree ├── wrap-ansi@6.2.0
145 silly currentTree ├── wrappy@1.0.2
145 silly currentTree ├── write-file-atomic@3.0.3
145 silly currentTree ├── ws@7.4.3
145 silly currentTree ├── xml-name-validator@3.0.0
145 silly currentTree ├── xmlchars@2.2.0
145 silly currentTree ├── y18n@4.0.1
145 silly currentTree ├── yallist@4.0.0
145 silly currentTree ├── yargs-parser@18.1.3
145 silly currentTree └── yargs@15.4.1
146 silly idealTree nodeApp@1.0.0
146 silly idealTree ├── @babel/code-frame@7.12.13
146 silly idealTree ├── @babel/compat-data@7.13.8
146 silly idealTree ├─┬ @babel/core@7.13.8
146 silly idealTree │ └── source-map@0.5.7
146 silly idealTree ├─┬ @babel/generator@7.13.9
146 silly idealTree │ └── source-map@0.5.7
146 silly idealTree ├── @babel/helper-compilation-targets@7.13.8
146 silly idealTree ├── @babel/helper-function-name@7.12.13
146 silly idealTree ├── @babel/helper-get-function-arity@7.12.13
146 silly idealTree ├── @babel/helper-member-expression-to-functions@7.13.0
146 silly idealTree ├── @babel/helper-module-imports@7.12.13
146 silly idealTree ├── @babel/helper-module-transforms@7.13.0
146 silly idealTree ├── @babel/helper-optimise-call-expression@7.12.13
146 silly idealTree ├── @babel/helper-plugin-utils@7.13.0
146 silly idealTree ├── @babel/helper-replace-supers@7.13.0
146 silly idealTree ├── @babel/helper-simple-access@7.12.13
146 silly idealTree ├── @babel/helper-split-export-declaration@7.12.13
146 silly idealTree ├── @babel/helper-validator-identifier@7.12.11
146 silly idealTree ├── @babel/helper-validator-option@7.12.17
146 silly idealTree ├── @babel/helpers@7.13.0
146 silly idealTree ├─┬ @babel/highlight@7.13.8
146 silly idealTree │ ├── ansi-styles@3.2.1
146 silly idealTree │ ├── chalk@2.4.2
146 silly idealTree │ ├── color-convert@1.9.3
146 silly idealTree │ ├── color-name@1.1.3
146 silly idealTree │ ├── has-flag@3.0.0
146 silly idealTree │ └── supports-color@5.5.0
146 silly idealTree ├── @babel/parser@7.13.9
146 silly idealTree ├── @babel/plugin-syntax-async-generators@7.8.4
146 silly idealTree ├── @babel/plugin-syntax-bigint@7.8.3
146 silly idealTree ├── @babel/plugin-syntax-class-properties@7.12.13
146 silly idealTree ├── @babel/plugin-syntax-import-meta@7.10.4
146 silly idealTree ├── @babel/plugin-syntax-json-strings@7.8.3
146 silly idealTree ├── @babel/plugin-syntax-logical-assignment-operators@7.10.4
146 silly idealTree ├── @babel/plugin-syntax-nullish-coalescing-operator@7.8.3
146 silly idealTree ├── @babel/plugin-syntax-numeric-separator@7.10.4
146 silly idealTree ├── @babel/plugin-syntax-object-rest-spread@7.8.3
146 silly idealTree ├── @babel/plugin-syntax-optional-catch-binding@7.8.3
146 silly idealTree ├── @babel/plugin-syntax-optional-chaining@7.8.3
146 silly idealTree ├── @babel/plugin-syntax-top-level-await@7.12.13
146 silly idealTree ├── @babel/template@7.12.13
146 silly idealTree ├── @babel/traverse@7.13.0
146 silly idealTree ├── @babel/types@7.13.0
146 silly idealTree ├── @bcoe/v8-coverage@0.2.3
146 silly idealTree ├── @cnakazawa/watch@1.0.4
146 silly idealTree ├── @istanbuljs/load-nyc-config@1.1.0
146 silly idealTree ├── @istanbuljs/schema@0.1.3
146 silly idealTree ├── @jest/console@26.6.2
146 silly idealTree ├── @jest/core@26.6.3
146 silly idealTree ├── @jest/environment@26.6.2
146 silly idealTree ├── @jest/fake-timers@26.6.2
146 silly idealTree ├── @jest/globals@26.6.2
146 silly idealTree ├── @jest/reporters@26.6.2
146 silly idealTree ├── @jest/source-map@26.6.2
146 silly idealTree ├── @jest/test-result@26.6.2
146 silly idealTree ├── @jest/test-sequencer@26.6.3
146 silly idealTree ├── @jest/transform@26.6.2
146 silly idealTree ├── @jest/types@26.6.2
146 silly idealTree ├── @sinonjs/commons@1.8.2
146 silly idealTree ├── @sinonjs/fake-timers@6.0.1
146 silly idealTree ├── @types/babel__core@7.1.12
146 silly idealTree ├── @types/babel__generator@7.6.2
146 silly idealTree ├── @types/babel__template@7.4.0
146 silly idealTree ├── @types/babel__traverse@7.11.0
146 silly idealTree ├── @types/graceful-fs@4.1.5
146 silly idealTree ├── @types/istanbul-lib-coverage@2.0.3
146 silly idealTree ├── @types/istanbul-lib-report@3.0.0
146 silly idealTree ├── @types/istanbul-reports@3.0.0
146 silly idealTree ├── @types/node@14.14.31
146 silly idealTree ├── @types/normalize-package-data@2.4.0
146 silly idealTree ├── @types/prettier@2.2.1
146 silly idealTree ├── @types/stack-utils@2.0.0
146 silly idealTree ├── @types/yargs-parser@20.2.0
146 silly idealTree ├── @types/yargs@15.0.13
146 silly idealTree ├── abab@2.0.5
146 silly idealTree ├── accepts@1.3.7
146 silly idealTree ├── acorn-globals@6.0.0
146 silly idealTree ├── acorn-walk@7.2.0
146 silly idealTree ├── acorn@7.4.1
146 silly idealTree ├── ajv@6.12.6
146 silly idealTree ├─┬ ansi-escapes@4.3.1
146 silly idealTree │ └── type-fest@0.11.0
146 silly idealTree ├── ansi-regex@5.0.0
146 silly idealTree ├── ansi-styles@4.3.0
146 silly idealTree ├── anymatch@3.1.1
146 silly idealTree ├── argparse@1.0.10
146 silly idealTree ├── arr-diff@4.0.0
146 silly idealTree ├── arr-flatten@1.1.0
146 silly idealTree ├── arr-union@3.1.0
146 silly idealTree ├── array-flatten@1.1.1
146 silly idealTree ├── array-unique@0.3.2
146 silly idealTree ├── asn1@0.2.4
146 silly idealTree ├── assert-plus@1.0.0
146 silly idealTree ├── assign-symbols@1.0.0
146 silly idealTree ├── asynckit@0.4.0
146 silly idealTree ├── atob@2.1.2
146 silly idealTree ├── aws-sign2@0.7.0
146 silly idealTree ├── aws4@1.11.0
146 silly idealTree ├── babel-jest@26.6.3
146 silly idealTree ├── babel-plugin-istanbul@6.0.0
146 silly idealTree ├── babel-plugin-jest-hoist@26.6.2
146 silly idealTree ├── babel-preset-current-node-syntax@1.0.1
146 silly idealTree ├── babel-preset-jest@26.6.2
146 silly idealTree ├── balanced-match@1.0.0
146 silly idealTree ├─┬ base@0.11.2
146 silly idealTree │ ├── define-property@1.0.0
146 silly idealTree │ ├── is-accessor-descriptor@1.0.0
146 silly idealTree │ ├── is-data-descriptor@1.0.0
146 silly idealTree │ └── is-descriptor@1.0.2
146 silly idealTree ├── bcrypt-pbkdf@1.0.2
146 silly idealTree ├─┬ body-parser@1.19.0
146 silly idealTree │ ├── debug@2.6.9
146 silly idealTree │ ├── ms@2.0.0
146 silly idealTree │ └── qs@6.7.0
146 silly idealTree ├── brace-expansion@1.1.11
146 silly idealTree ├── braces@3.0.2
146 silly idealTree ├── browser-process-hrtime@1.0.0
146 silly idealTree ├── browserslist@4.16.3
146 silly idealTree ├── bser@2.1.1
146 silly idealTree ├── buffer-from@1.1.1
146 silly idealTree ├── bytes@3.1.0
146 silly idealTree ├── cache-base@1.0.1
146 silly idealTree ├── callsites@3.1.0
146 silly idealTree ├── camelcase@5.3.1
146 silly idealTree ├── caniuse-lite@1.0.30001192
146 silly idealTree ├── capture-exit@2.0.0
146 silly idealTree ├── caseless@0.12.0
146 silly idealTree ├── chalk@4.1.0
146 silly idealTree ├── char-regex@1.0.2
146 silly idealTree ├── ci-info@2.0.0
146 silly idealTree ├── cjs-module-lexer@0.6.0
146 silly idealTree ├─┬ class-utils@0.3.6
146 silly idealTree │ └── define-property@0.2.5
146 silly idealTree ├── cliui@6.0.0
146 silly idealTree ├── co@4.6.0
146 silly idealTree ├── collect-v8-coverage@1.0.1
146 silly idealTree ├── collection-visit@1.0.0
146 silly idealTree ├── color-convert@2.0.1
146 silly idealTree ├── color-name@1.1.4
146 silly idealTree ├── colorette@1.2.2
146 silly idealTree ├── combined-stream@1.0.8
146 silly idealTree ├── component-emitter@1.3.0
146 silly idealTree ├── concat-map@0.0.1
146 silly idealTree ├── content-disposition@0.5.3
146 silly idealTree ├── content-type@1.0.4
146 silly idealTree ├── convert-source-map@1.7.0
146 silly idealTree ├── cookie-signature@1.0.6
146 silly idealTree ├── cookie@0.4.0
146 silly idealTree ├── copy-descriptor@0.1.1
146 silly idealTree ├── core-util-is@1.0.2
146 silly idealTree ├─┬ cross-spawn@6.0.5
146 silly idealTree │ └── semver@5.7.1
146 silly idealTree ├── cssom@0.4.4
146 silly idealTree ├─┬ cssstyle@2.3.0
146 silly idealTree │ └── cssom@0.3.8
146 silly idealTree ├── dashdash@1.14.1
146 silly idealTree ├── data-urls@2.0.0
146 silly idealTree ├── debug@4.3.1
146 silly idealTree ├── decamelize@1.2.0
146 silly idealTree ├── decimal.js@10.2.1
146 silly idealTree ├── decode-uri-component@0.2.0
146 silly idealTree ├── deep-is@0.1.3
146 silly idealTree ├── deepmerge@4.2.2
146 silly idealTree ├─┬ define-property@2.0.2
146 silly idealTree │ ├── is-accessor-descriptor@1.0.0
146 silly idealTree │ ├── is-data-descriptor@1.0.0
146 silly idealTree │ └── is-descriptor@1.0.2
146 silly idealTree ├── delayed-stream@1.0.0
146 silly idealTree ├── depd@1.1.2
146 silly idealTree ├── destroy@1.0.4
146 silly idealTree ├── detect-newline@3.1.0
146 silly idealTree ├── diff-sequences@26.6.2
146 silly idealTree ├─┬ domexception@2.0.1
146 silly idealTree │ └── webidl-conversions@5.0.0
146 silly idealTree ├── ecc-jsbn@0.1.2
146 silly idealTree ├── ee-first@1.1.1
146 silly idealTree ├── electron-to-chromium@1.3.676
146 silly idealTree ├── emittery@0.7.2
146 silly idealTree ├── emoji-regex@8.0.0
146 silly idealTree ├── encodeurl@1.0.2
146 silly idealTree ├── end-of-stream@1.4.4
146 silly idealTree ├── error-ex@1.3.2
146 silly idealTree ├── escalade@3.1.1
146 silly idealTree ├── escape-html@1.0.3
146 silly idealTree ├── escape-string-regexp@1.0.5
146 silly idealTree ├── escodegen@1.14.3
146 silly idealTree ├── esprima@4.0.1
146 silly idealTree ├── estraverse@4.3.0
146 silly idealTree ├── esutils@2.0.3
146 silly idealTree ├── etag@1.8.1
146 silly idealTree ├── exec-sh@0.3.4
146 silly idealTree ├── execa@1.0.0
146 silly idealTree ├── exit@0.1.2
146 silly idealTree ├─┬ expand-brackets@2.1.4
146 silly idealTree │ ├── debug@2.6.9
146 silly idealTree │ ├── define-property@0.2.5
146 silly idealTree │ ├── extend-shallow@2.0.1
146 silly idealTree │ └── ms@2.0.0
146 silly idealTree ├── expect@26.6.2
146 silly idealTree ├─┬ express@4.17.1
146 silly idealTree │ ├── debug@2.6.9
146 silly idealTree │ ├── ms@2.0.0
146 silly idealTree │ └── qs@6.7.0
146 silly idealTree ├─┬ extend-shallow@3.0.2
146 silly idealTree │ └── is-extendable@1.0.1
146 silly idealTree ├── extend@3.0.2
146 silly idealTree ├─┬ extglob@2.0.4
146 silly idealTree │ ├── define-property@1.0.0
146 silly idealTree │ ├── extend-shallow@2.0.1
146 silly idealTree │ ├── is-accessor-descriptor@1.0.0
146 silly idealTree │ ├── is-data-descriptor@1.0.0
146 silly idealTree │ └── is-descriptor@1.0.2
146 silly idealTree ├── extsprintf@1.3.0
146 silly idealTree ├── fast-deep-equal@3.1.3
146 silly idealTree ├── fast-json-stable-stringify@2.1.0
146 silly idealTree ├── fast-levenshtein@2.0.6
146 silly idealTree ├── fb-watchman@2.0.1
146 silly idealTree ├── fill-range@7.0.1
146 silly idealTree ├─┬ finalhandler@1.1.2
146 silly idealTree │ ├── debug@2.6.9
146 silly idealTree │ └── ms@2.0.0
146 silly idealTree ├── find-up@4.1.0
146 silly idealTree ├── for-in@1.0.2
146 silly idealTree ├── forever-agent@0.6.1
146 silly idealTree ├── form-data@2.3.3
146 silly idealTree ├── forwarded@0.1.2
146 silly idealTree ├── fragment-cache@0.2.1
146 silly idealTree ├── fresh@0.5.2
146 silly idealTree ├── fs.realpath@1.0.0
146 silly idealTree ├── function-bind@1.1.1
146 silly idealTree ├── gensync@1.0.0-beta.2
146 silly idealTree ├── get-caller-file@2.0.5
146 silly idealTree ├── get-package-type@0.1.0
146 silly idealTree ├── get-stream@4.1.0
146 silly idealTree ├── get-value@2.0.6
146 silly idealTree ├── getpass@0.1.7
146 silly idealTree ├── glob@7.1.6
146 silly idealTree ├── globals@11.12.0
146 silly idealTree ├── graceful-fs@4.2.6
146 silly idealTree ├── growly@1.3.0
146 silly idealTree ├── har-schema@2.0.0
146 silly idealTree ├── har-validator@5.1.5
146 silly idealTree ├── has-flag@4.0.0
146 silly idealTree ├── has-value@1.0.0
146 silly idealTree ├─┬ has-values@1.0.0
146 silly idealTree │ ├─┬ is-number@3.0.0
146 silly idealTree │ │ └── kind-of@3.2.2
146 silly idealTree │ └── kind-of@4.0.0
146 silly idealTree ├── has@1.0.3
146 silly idealTree ├── hosted-git-info@2.8.8
146 silly idealTree ├── html-encoding-sniffer@2.0.1
146 silly idealTree ├── html-escaper@2.0.2
146 silly idealTree ├─┬ http-errors@1.7.2
146 silly idealTree │ └── inherits@2.0.3
146 silly idealTree ├── http-signature@1.2.0
146 silly idealTree ├── human-signals@1.1.1
146 silly idealTree ├── iconv-lite@0.4.24
146 silly idealTree ├── import-local@3.0.2
146 silly idealTree ├── imurmurhash@0.1.4
146 silly idealTree ├── inflight@1.0.6
146 silly idealTree ├── inherits@2.0.4
146 silly idealTree ├── ip-regex@2.1.0
146 silly idealTree ├── ipaddr.js@1.9.1
146 silly idealTree ├─┬ is-accessor-descriptor@0.1.6
146 silly idealTree │ └── kind-of@3.2.2
146 silly idealTree ├── is-arrayish@0.2.1
146 silly idealTree ├── is-buffer@1.1.6
146 silly idealTree ├── is-ci@2.0.0
146 silly idealTree ├── is-core-module@2.2.0
146 silly idealTree ├─┬ is-data-descriptor@0.1.4
146 silly idealTree │ └── kind-of@3.2.2
146 silly idealTree ├─┬ is-descriptor@0.1.6
146 silly idealTree │ └── kind-of@5.1.0
146 silly idealTree ├── is-docker@2.1.1
146 silly idealTree ├── is-extendable@0.1.1
146 silly idealTree ├── is-fullwidth-code-point@3.0.0
146 silly idealTree ├── is-generator-fn@2.1.0
146 silly idealTree ├── is-number@7.0.0
146 silly idealTree ├── is-plain-object@2.0.4
146 silly idealTree ├── is-potential-custom-element-name@1.0.0
146 silly idealTree ├── is-stream@1.1.0
146 silly idealTree ├── is-typedarray@1.0.0
146 silly idealTree ├── is-windows@1.0.2
146 silly idealTree ├── is-wsl@2.2.0
146 silly idealTree ├── isarray@1.0.0
146 silly idealTree ├── isexe@2.0.0
146 silly idealTree ├── isobject@3.0.1
146 silly idealTree ├── isstream@0.1.2
146 silly idealTree ├── istanbul-lib-coverage@3.0.0
146 silly idealTree ├── istanbul-lib-instrument@4.0.3
146 silly idealTree ├── istanbul-lib-report@3.0.0
146 silly idealTree ├── istanbul-lib-source-maps@4.0.0
146 silly idealTree ├── istanbul-reports@3.0.2
146 silly idealTree ├─┬ jest-changed-files@26.6.2
146 silly idealTree │ ├── cross-spawn@7.0.3
146 silly idealTree │ ├── execa@4.1.0
146 silly idealTree │ ├── get-stream@5.2.0
146 silly idealTree │ ├── is-stream@2.0.0
146 silly idealTree │ ├── npm-run-path@4.0.1
146 silly idealTree │ ├── path-key@3.1.1
146 silly idealTree │ ├── shebang-command@2.0.0
146 silly idealTree │ ├── shebang-regex@3.0.0
146 silly idealTree │ └── which@2.0.2
146 silly idealTree ├── jest-config@26.6.3
146 silly idealTree ├── jest-diff@26.6.2
146 silly idealTree ├── jest-docblock@26.0.0
146 silly idealTree ├── jest-each@26.6.2
146 silly idealTree ├── jest-environment-jsdom@26.6.2
146 silly idealTree ├── jest-environment-node@26.6.2
146 silly idealTree ├── jest-get-type@26.3.0
146 silly idealTree ├── jest-haste-map@26.6.2
146 silly idealTree ├── jest-jasmine2@26.6.3
146 silly idealTree ├── jest-leak-detector@26.6.2
146 silly idealTree ├── jest-matcher-utils@26.6.2
146 silly idealTree ├── jest-message-util@26.6.2
146 silly idealTree ├── jest-mock@26.6.2
146 silly idealTree ├── jest-pnp-resolver@1.2.2
146 silly idealTree ├── jest-regex-util@26.0.0
146 silly idealTree ├── jest-resolve-dependencies@26.6.3
146 silly idealTree ├── jest-resolve@26.6.2
146 silly idealTree ├── jest-runner@26.6.3
146 silly idealTree ├── jest-runtime@26.6.3
146 silly idealTree ├── jest-serializer@26.6.2
146 silly idealTree ├─┬ jest-snapshot@26.6.2
146 silly idealTree │ └── semver@7.3.4
146 silly idealTree ├── jest-util@26.6.2
146 silly idealTree ├─┬ jest-validate@26.6.2
146 silly idealTree │ └── camelcase@6.2.0
146 silly idealTree ├── jest-watcher@26.6.2
146 silly idealTree ├── jest-worker@26.6.2
146 silly idealTree ├─┬ jest@26.6.3
146 silly idealTree │ └── jest-cli@26.6.3
146 silly idealTree ├── js-tokens@4.0.0
146 silly idealTree ├── js-yaml@3.14.1
146 silly idealTree ├── jsbn@0.1.1
146 silly idealTree ├── jsdom@16.4.0
146 silly idealTree ├── jsesc@2.5.2
146 silly idealTree ├── json-parse-even-better-errors@2.3.1
146 silly idealTree ├── json-schema-traverse@0.4.1
146 silly idealTree ├── json-schema@0.2.3
146 silly idealTree ├── json-stringify-safe@5.0.1
146 silly idealTree ├── json5@2.2.0
146 silly idealTree ├── jsprim@1.4.1
146 silly idealTree ├── kind-of@6.0.3
146 silly idealTree ├── kleur@3.0.3
146 silly idealTree ├── leven@3.1.0
146 silly idealTree ├── levn@0.3.0
146 silly idealTree ├── lines-and-columns@1.1.6
146 silly idealTree ├── locate-path@5.0.0
146 silly idealTree ├── lodash.sortby@4.7.0
146 silly idealTree ├── lodash@4.17.21
146 silly idealTree ├── lru-cache@6.0.0
146 silly idealTree ├── make-dir@3.1.0
146 silly idealTree ├── makeerror@1.0.11
146 silly idealTree ├── map-cache@0.2.2
146 silly idealTree ├── map-visit@1.0.0
146 silly idealTree ├── media-typer@0.3.0
146 silly idealTree ├── merge-descriptors@1.0.1
146 silly idealTree ├── merge-stream@2.0.0
146 silly idealTree ├── methods@1.1.2
146 silly idealTree ├── micromatch@4.0.2
146 silly idealTree ├── mime-db@1.46.0
146 silly idealTree ├── mime-types@2.1.29
146 silly idealTree ├── mime@1.6.0
146 silly idealTree ├── mimic-fn@2.1.0
146 silly idealTree ├── minimatch@3.0.4
146 silly idealTree ├── minimist@1.2.5
146 silly idealTree ├─┬ mixin-deep@1.3.2
146 silly idealTree │ └── is-extendable@1.0.1
146 silly idealTree ├── ms@2.1.2
146 silly idealTree ├── nanomatch@1.2.13
146 silly idealTree ├── natural-compare@1.4.0
146 silly idealTree ├── negotiator@0.6.2
146 silly idealTree ├── nice-try@1.0.5
146 silly idealTree ├── node-bin-setup@1.0.6
146 silly idealTree ├── node-int64@0.4.0
146 silly idealTree ├── node-modules-regexp@1.0.0
146 silly idealTree ├─┬ node-notifier@8.0.1
146 silly idealTree │ ├── semver@7.3.4
146 silly idealTree │ └── which@2.0.2
146 silly idealTree ├── node-releases@1.1.71
146 silly idealTree ├── node@15.10.0
146 silly idealTree ├─┬ normalize-package-data@2.5.0
146 silly idealTree │ └── semver@5.7.1
146 silly idealTree ├── normalize-path@3.0.0
146 silly idealTree ├── npm-run-path@2.0.2
146 silly idealTree ├── nwsapi@2.2.0
146 silly idealTree ├── oauth-sign@0.9.0
146 silly idealTree ├─┬ object-copy@0.1.0
146 silly idealTree │ ├── define-property@0.2.5
146 silly idealTree │ └── kind-of@3.2.2
146 silly idealTree ├── object-visit@1.0.1
146 silly idealTree ├── object.pick@1.3.0
146 silly idealTree ├── on-finished@2.3.0
146 silly idealTree ├── once@1.4.0
146 silly idealTree ├── onetime@5.1.2
146 silly idealTree ├── optionator@0.8.3
146 silly idealTree ├── p-each-series@2.2.0
146 silly idealTree ├── p-finally@1.0.0
146 silly idealTree ├── p-limit@2.3.0
146 silly idealTree ├── p-locate@4.1.0
146 silly idealTree ├── p-try@2.2.0
146 silly idealTree ├── parse-json@5.2.0
146 silly idealTree ├── parse5@5.1.1
146 silly idealTree ├── parseurl@1.3.3
146 silly idealTree ├── pascalcase@0.1.1
146 silly idealTree ├── path-exists@4.0.0
146 silly idealTree ├── path-is-absolute@1.0.1
146 silly idealTree ├── path-key@2.0.1
146 silly idealTree ├── path-parse@1.0.6
146 silly idealTree ├── path-to-regexp@0.1.7
146 silly idealTree ├── performance-now@2.1.0
146 silly idealTree ├── picomatch@2.2.2
146 silly idealTree ├── pirates@4.0.1
146 silly idealTree ├── pkg-dir@4.2.0
146 silly idealTree ├── posix-character-classes@0.1.1
146 silly idealTree ├── prelude-ls@1.1.2
146 silly idealTree ├── pretty-format@26.6.2
146 silly idealTree ├── prompts@2.4.0
146 silly idealTree ├── proxy-addr@2.0.6
146 silly idealTree ├── psl@1.8.0
146 silly idealTree ├── pump@3.0.0
146 silly idealTree ├── punycode@2.1.1
146 silly idealTree ├── qs@6.5.2
146 silly idealTree ├── range-parser@1.2.1
146 silly idealTree ├── raw-body@2.4.0
146 silly idealTree ├── react-is@17.0.1
146 silly idealTree ├── read-pkg-up@7.0.1
146 silly idealTree ├─┬ read-pkg@5.2.0
146 silly idealTree │ └── type-fest@0.6.0
146 silly idealTree ├── regex-not@1.0.2
146 silly idealTree ├── remove-trailing-separator@1.1.0
146 silly idealTree ├── repeat-element@1.1.3
146 silly idealTree ├── repeat-string@1.6.1
146 silly idealTree ├── request-promise-core@1.1.4
146 silly idealTree ├─┬ request-promise-native@1.0.9
146 silly idealTree │ └── tough-cookie@2.5.0
146 silly idealTree ├─┬ request@2.88.2
146 silly idealTree │ ├── tough-cookie@2.5.0
146 silly idealTree │ └── uuid@3.4.0
146 silly idealTree ├── require-directory@2.1.1
146 silly idealTree ├── require-main-filename@2.0.0
146 silly idealTree ├── resolve-cwd@3.0.0
146 silly idealTree ├── resolve-from@5.0.0
146 silly idealTree ├── resolve-url@0.2.1
146 silly idealTree ├── resolve@1.20.0
146 silly idealTree ├── ret@0.1.15
146 silly idealTree ├── rimraf@3.0.2
146 silly idealTree ├── rsvp@4.8.5
146 silly idealTree ├── safe-buffer@5.1.2
146 silly idealTree ├── safe-regex@1.1.0
146 silly idealTree ├── safer-buffer@2.1.2
146 silly idealTree ├─┬ sane@4.1.0
146 silly idealTree │ ├── anymatch@2.0.0
146 silly idealTree │ ├─┬ braces@2.3.2
146 silly idealTree │ │ └── extend-shallow@2.0.1
146 silly idealTree │ ├─┬ fill-range@4.0.0
146 silly idealTree │ │ └── extend-shallow@2.0.1
146 silly idealTree │ ├─┬ is-number@3.0.0
146 silly idealTree │ │ └── kind-of@3.2.2
146 silly idealTree │ ├── micromatch@3.1.10
146 silly idealTree │ ├── normalize-path@2.1.1
146 silly idealTree │ └── to-regex-range@2.1.1
146 silly idealTree ├── saxes@5.0.1
146 silly idealTree ├── semver@6.3.0
146 silly idealTree ├─┬ send@0.17.1
146 silly idealTree │ ├─┬ debug@2.6.9
146 silly idealTree │ │ └── ms@2.0.0
146 silly idealTree │ └── ms@2.1.1
146 silly idealTree ├── serve-static@1.14.1
146 silly idealTree ├── set-blocking@2.0.0
146 silly idealTree ├─┬ set-value@2.0.1
146 silly idealTree │ └── extend-shallow@2.0.1
146 silly idealTree ├── setprototypeof@1.1.1
146 silly idealTree ├── shebang-command@1.2.0
146 silly idealTree ├── shebang-regex@1.0.0
146 silly idealTree ├── shellwords@0.1.1
146 silly idealTree ├── signal-exit@3.0.3
146 silly idealTree ├── sisteransi@1.0.5
146 silly idealTree ├── slash@3.0.0
146 silly idealTree ├─┬ snapdragon-node@2.1.1
146 silly idealTree │ ├── define-property@1.0.0
146 silly idealTree │ ├── is-accessor-descriptor@1.0.0
146 silly idealTree │ ├── is-data-descriptor@1.0.0
146 silly idealTree │ └── is-descriptor@1.0.2
146 silly idealTree ├─┬ snapdragon-util@3.0.1
146 silly idealTree │ └── kind-of@3.2.2
146 silly idealTree ├─┬ snapdragon@0.8.2
146 silly idealTree │ ├── debug@2.6.9
146 silly idealTree │ ├── define-property@0.2.5
146 silly idealTree │ ├── extend-shallow@2.0.1
146 silly idealTree │ ├── ms@2.0.0
146 silly idealTree │ └── source-map@0.5.7
146 silly idealTree ├── source-map-resolve@0.5.3
146 silly idealTree ├── source-map-support@0.5.19
146 silly idealTree ├── source-map-url@0.4.1
146 silly idealTree ├── source-map@0.6.1
146 silly idealTree ├── spdx-correct@3.1.1
146 silly idealTree ├── spdx-exceptions@2.3.0
146 silly idealTree ├── spdx-expression-parse@3.0.1
146 silly idealTree ├── spdx-license-ids@3.0.7
146 silly idealTree ├── split-string@3.1.0
146 silly idealTree ├── sprintf-js@1.0.3
146 silly idealTree ├── sshpk@1.16.1
146 silly idealTree ├─┬ stack-utils@2.0.3
146 silly idealTree │ └── escape-string-regexp@2.0.0
146 silly idealTree ├─┬ static-extend@0.1.2
146 silly idealTree │ └── define-property@0.2.5
146 silly idealTree ├── statuses@1.5.0
146 silly idealTree ├── stealthy-require@1.1.1
146 silly idealTree ├── string-length@4.0.1
146 silly idealTree ├── string-width@4.2.2
146 silly idealTree ├── strip-ansi@6.0.0
146 silly idealTree ├── strip-bom@4.0.0
146 silly idealTree ├── strip-eof@1.0.0
146 silly idealTree ├── strip-final-newline@2.0.0
146 silly idealTree ├── supports-color@7.2.0
146 silly idealTree ├── supports-hyperlinks@2.1.0
146 silly idealTree ├── symbol-tree@3.2.4
146 silly idealTree ├── terminal-link@2.1.1
146 silly idealTree ├── test-exclude@6.0.0
146 silly idealTree ├── throat@5.0.0
146 silly idealTree ├── tmpl@1.0.4
146 silly idealTree ├── to-fast-properties@2.0.0
146 silly idealTree ├─┬ to-object-path@0.3.0
146 silly idealTree │ └── kind-of@3.2.2
146 silly idealTree ├── to-regex-range@5.0.1
146 silly idealTree ├── to-regex@3.0.2
146 silly idealTree ├── toidentifier@1.0.0
146 silly idealTree ├── tough-cookie@3.0.1
146 silly idealTree ├── tr46@2.0.2
146 silly idealTree ├── tunnel-agent@0.6.0
146 silly idealTree ├── tweetnacl@0.14.5
146 silly idealTree ├── type-check@0.3.2
146 silly idealTree ├── type-detect@4.0.8
146 silly idealTree ├── type-fest@0.8.1
146 silly idealTree ├── type-is@1.6.18
146 silly idealTree ├── typedarray-to-buffer@3.1.5
146 silly idealTree ├── union-value@1.0.1
146 silly idealTree ├── unpipe@1.0.0
146 silly idealTree ├─┬ unset-value@1.0.0
146 silly idealTree │ ├─┬ has-value@0.3.1
146 silly idealTree │ │ └── isobject@2.1.0
146 silly idealTree │ └── has-values@0.1.4
146 silly idealTree ├── uri-js@4.4.1
146 silly idealTree ├── urix@0.1.0
146 silly idealTree ├── use@3.1.1
146 silly idealTree ├── utils-merge@1.0.1
146 silly idealTree ├── uuid@8.3.2
146 silly idealTree ├─┬ v8-to-istanbul@7.1.0
146 silly idealTree │ └── source-map@0.7.3
146 silly idealTree ├── validate-npm-package-license@3.0.4
146 silly idealTree ├── vary@1.1.2
146 silly idealTree ├── verror@1.10.0
146 silly idealTree ├── w3c-hr-time@1.0.2
146 silly idealTree ├── w3c-xmlserializer@2.0.0
146 silly idealTree ├── walker@1.0.7
146 silly idealTree ├── webidl-conversions@6.1.0
146 silly idealTree ├── whatwg-encoding@1.0.5
146 silly idealTree ├── whatwg-mimetype@2.3.0
146 silly idealTree ├── whatwg-url@8.4.0
146 silly idealTree ├── which-module@2.0.0
146 silly idealTree ├── which@1.3.1
146 silly idealTree ├── word-wrap@1.2.3
146 silly idealTree ├── wrap-ansi@6.2.0
146 silly idealTree ├── wrappy@1.0.2
146 silly idealTree ├── write-file-atomic@3.0.3
146 silly idealTree ├── ws@7.4.3
146 silly idealTree ├── xml-name-validator@3.0.0
146 silly idealTree ├── xmlchars@2.2.0
146 silly idealTree ├── y18n@4.0.1
146 silly idealTree ├── yallist@4.0.0
146 silly idealTree ├── yargs-parser@18.1.3
146 silly idealTree └── yargs@15.4.1
147 silly generateActionsToTake Starting
148 silly install generateActionsToTake
149 silly generateActionsToTake Finishing
150 silly diffTrees action count 2
151 silly diffTrees add node-bin-setup@1.0.6
152 silly diffTrees add node@15.10.0
153 silly decomposeActions action count 16
154 silly decomposeActions fetch node-bin-setup@1.0.6
155 silly decomposeActions extract node-bin-setup@1.0.6
156 silly decomposeActions test node-bin-setup@1.0.6
157 silly decomposeActions preinstall node-bin-setup@1.0.6
158 silly decomposeActions build node-bin-setup@1.0.6
159 silly decomposeActions install node-bin-setup@1.0.6
160 silly decomposeActions postinstall node-bin-setup@1.0.6
161 silly decomposeActions finalize node-bin-setup@1.0.6
162 silly decomposeActions fetch node@15.10.0
163 silly decomposeActions extract node@15.10.0
164 silly decomposeActions test node@15.10.0
165 silly decomposeActions preinstall node@15.10.0
166 silly decomposeActions build node@15.10.0
167 silly decomposeActions install node@15.10.0
168 silly decomposeActions postinstall node@15.10.0
169 silly decomposeActions finalize node@15.10.0
170 silly runTopLevelLifecycles Starting
171 silly executeActions Starting
172 silly install executeActions
173 silly doSerial global-install 0
174 silly doParallel fetch 2
175 verbose correctMkdir /root/.npm/_locks correctMkdir not in flight; initializing
176 verbose lock using /root/.npm/_locks/staging-549460f08d9a93bf.lock for /root/nodeApp/node_modules/.staging
177 silly doParallel extract 2
178 silly extract node-bin-setup@1.0.6
179 silly extract node@15.10.0
180 verbose unbuild node_modules/.staging/node-bin-setup-bcc06a81
181 verbose unbuild node_modules/.staging/node-88a68ce7
182 silly gentlyRm /root/nodeApp/node_modules/.staging/node-bin-setup-bcc06a81 is being purged from base /root/nodeApp
183 verbose gentlyRm don't care about contents; nuking /root/nodeApp/node_modules/.staging/node-bin-setup-bcc06a81
184 verbose tar unpack /root/.npm/node-bin-setup/1.0.6/package.tgz
185 verbose tar unpacking to /root/nodeApp/node_modules/.staging/node-bin-setup-bcc06a81
186 silly gentlyRm /root/nodeApp/node_modules/.staging/node-bin-setup-bcc06a81 is being purged
187 verbose gentlyRm don't care about contents; nuking /root/nodeApp/node_modules/.staging/node-bin-setup-bcc06a81
188 silly gentlyRm /root/nodeApp/node_modules/.staging/node-88a68ce7 is being purged from base /root/nodeApp
189 verbose gentlyRm don't care about contents; nuking /root/nodeApp/node_modules/.staging/node-88a68ce7
190 silly gunzTarPerm modes [ '755', '644' ]
191 verbose tar unpack /root/.npm/node/15.10.0/package.tgz
192 verbose tar unpacking to /root/nodeApp/node_modules/.staging/node-88a68ce7
193 silly gentlyRm /root/nodeApp/node_modules/.staging/node-88a68ce7 is being purged
194 verbose gentlyRm don't care about contents; nuking /root/nodeApp/node_modules/.staging/node-88a68ce7
195 silly gunzTarPerm modes [ '755', '644' ]
196 silly gunzTarPerm extractEntry package.json
197 silly gunzTarPerm extractEntry installArchSpecificPackage.js
198 silly gunzTarPerm extractEntry index.js
199 silly gunzTarPerm extractEntry package.json
200 silly gunzTarPerm extractEntry README.md
201 silly gentlyRm /root/nodeApp/node_modules/.staging/node-bin-setup-bcc06a81/node_modules is being purged
202 verbose gentlyRm don't care about contents; nuking /root/nodeApp/node_modules/.staging/node-bin-setup-bcc06a81/node_modules
203 silly gentlyRm /root/nodeApp/node_modules/.staging/node-88a68ce7/node_modules is being purged
204 verbose gentlyRm don't care about contents; nuking /root/nodeApp/node_modules/.staging/node-88a68ce7/node_modules
205 silly doParallel preinstall 2
206 silly preinstall node-bin-setup@1.0.6 /root/nodeApp/node_modules/.staging/node-bin-setup-bcc06a81
207 info lifecycle node-bin-setup@1.0.6~preinstall: node-bin-setup@1.0.6
208 silly preinstall node@15.10.0 /root/nodeApp/node_modules/.staging/node-88a68ce7
209 info lifecycle node@15.10.0~preinstall: node@15.10.0
210 silly lifecycle node-bin-setup@1.0.6~preinstall: no script for preinstall, continuing
211 warn lifecycle node@15.10.0~preinstall: cannot run in wd %s %s (wd=%s) node@15.10.0 node installArchSpecificPackage /root/nodeApp/node_modules/.staging/node-88a68ce7
212 silly doReverseSerial remove 0
213 silly doSerial move 0
214 silly doSerial finalize 2
215 silly finalize /root/nodeApp/node_modules/node-bin-setup
216 silly finalize /root/nodeApp/node_modules/node
217 silly doSerial build 2
218 silly build node-bin-setup@1.0.6
219 info linkStuff node-bin-setup@1.0.6
220 silly linkStuff node-bin-setup@1.0.6 has /root/nodeApp/node_modules as its parent node_modules
221 verbose linkBins node-bin-setup@1.0.6
222 verbose linkMans node-bin-setup@1.0.6
223 silly build node@15.10.0
224 info linkStuff node@15.10.0
225 silly linkStuff node@15.10.0 has /root/nodeApp/node_modules as its parent node_modules
226 verbose linkBins node@15.10.0
227 verbose link bins [ { node: 'bin/node' },
227 verbose link bins   '/root/nodeApp/node_modules/.bin',
227 verbose link bins   false ]
228 verbose linkMans node@15.10.0
229 verbose unlock done using /root/.npm/_locks/staging-549460f08d9a93bf.lock for /root/nodeApp/node_modules/.staging
230 silly rollbackFailedOptional Starting
231 silly rollbackFailedOptional Finishing
232 silly runTopLevelLifecycles Finishing
233 silly install printInstalled
234 warn optional SKIPPING OPTIONAL DEPENDENCY: fsevents@^2.1.2 (node_modules/jest-haste-map/node_modules/fsevents):
235 warn notsup SKIPPING OPTIONAL DEPENDENCY: Unsupported platform for fsevents@2.3.2: wanted {"os":"darwin","arch":"any"} (current: {"os":"linux","arch":"x64"})
236 verbose notsup SKIPPING OPTIONAL DEPENDENCY: Valid OS:    darwin
236 verbose notsup SKIPPING OPTIONAL DEPENDENCY: Valid Arch:  any
236 verbose notsup SKIPPING OPTIONAL DEPENDENCY: Actual OS:   linux
236 verbose notsup SKIPPING OPTIONAL DEPENDENCY: Actual Arch: x64
237 warn jest-config@26.6.3 requires a peer of ts-node@>=9.0.0 but none was installed.
238 verbose If you need help, you may report this error at:
238 verbose     <https://github.com/npm/npm/issues>
239 warn jsdom@16.4.0 requires a peer of canvas@^2.5.0 but none was installed.
240 verbose If you need help, you may report this error at:
240 verbose     <https://github.com/npm/npm/issues>
241 warn ws@7.4.3 requires a peer of bufferutil@^4.0.1 but none was installed.
242 verbose If you need help, you may report this error at:
242 verbose     <https://github.com/npm/npm/issues>
243 warn ws@7.4.3 requires a peer of utf-8-validate@^5.0.2 but none was installed.
244 verbose If you need help, you may report this error at:
244 verbose     <https://github.com/npm/npm/issues>
245 warn nodeApp@1.0.0 No description
246 verbose If you need help, you may report this error at:
246 verbose     <https://github.com/npm/npm/issues>
247 warn nodeApp@1.0.0 No repository field.
248 verbose If you need help, you may report this error at:
248 verbose     <https://github.com/npm/npm/issues>
249 verbose stack Error: ENOENT: no such file or directory, chmod '/root/nodeApp/node_modules/node/bin/node'
249 verbose stack     at Error (native)
250 verbose cwd /root/nodeApp
251 error Linux 3.10.0-1160.15.2.el7.x86_64
252 error argv "/usr/bin/node" "/usr/bin/npm" "install" "node"
253 error node v6.17.1
254 error npm  v3.10.10
255 error path /root/nodeApp/node_modules/node/bin/node
256 error code ENOENT
257 error errno -2
258 error syscall chmod
259 error enoent ENOENT: no such file or directory, chmod '/root/nodeApp/node_modules/node/bin/node'
260 error enoent ENOENT: no such file or directory, chmod '/root/nodeApp/node_modules/node/bin/node'
260 error enoent This is most likely not a problem with npm itself
260 error enoent and is related to npm not being able to find a file.
261 verbose exit [ -2, true ]
